<?xml version="1.0" encoding="UTF-8"?>
<!-- Generated by org.testng.reporters.JUnitXMLReporter -->
<testsuite hostname="DESKTOP-H23J1IJ" ignored="8" name="Regression Tests" tests="5" failures="1" timestamp="17 Nov 2020 09:10:26 GMT" time="0.128" errors="0">
  <testcase name="@BeforeSuite launchBrowser" time="39.017" classname="commonUtilities.CommonFunctions">
    <failure type="org.openqa.selenium.WebDriverException" message="chrome not reachable
  (Session info: chrome=86.0.4240.193)
Build info: version: &amp;apos;3.14.0&amp;apos;, revision: &amp;apos;aacccce0&amp;apos;, time: &amp;apos;2018-08-02T20:19:58.91Z&amp;apos;
System info: host: &amp;apos;DESKTOP-H23J1IJ&amp;apos;, ip: &amp;apos;192.168.100.7&amp;apos;, os.name: &amp;apos;Windows 10&amp;apos;, os.arch: &amp;apos;amd64&amp;apos;, os.version: &amp;apos;10.0&amp;apos;, java.version: &amp;apos;1.8.0_221&amp;apos;
Driver info: org.openqa.selenium.chrome.ChromeDriver
Capabilities {acceptInsecureCerts: false, browserName: chrome, browserVersion: 86.0.4240.193, chrome: {chromedriverVersion: 86.0.4240.22 (398b0743353ff..., userDataDir: C:\Users\Admin\AppData\Loca...}, goog:chromeOptions: {debuggerAddress: localhost:53872}, javascriptEnabled: true, networkConnectionEnabled: false, pageLoadStrategy: normal, platform: WINDOWS, platformName: WINDOWS, proxy: Proxy(), setWindowRect: true, strictFileInteractability: false, timeouts: {implicit: 0, pageLoad: 300000, script: 30000}, unhandledPromptBehavior: dismiss and notify, webauthn:virtualAuthenticators: true}
Session ID: 4a63204fc59daf55fe90fedeca71330d">
      <![CDATA[org.openqa.selenium.WebDriverException: chrome not reachable
  (Session info: chrome=86.0.4240.193)
Build info: version: '3.14.0', revision: 'aacccce0', time: '2018-08-02T20:19:58.91Z'
System info: host: 'DESKTOP-H23J1IJ', ip: '192.168.100.7', os.name: 'Windows 10', os.arch: 'amd64', os.version: '10.0', java.version: '1.8.0_221'
Driver info: org.openqa.selenium.chrome.ChromeDriver
Capabilities {acceptInsecureCerts: false, browserName: chrome, browserVersion: 86.0.4240.193, chrome: {chromedriverVersion: 86.0.4240.22 (398b0743353ff..., userDataDir: C:\Users\Admin\AppData\Loca...}, goog:chromeOptions: {debuggerAddress: localhost:53872}, javascriptEnabled: true, networkConnectionEnabled: false, pageLoadStrategy: normal, platform: WINDOWS, platformName: WINDOWS, proxy: Proxy(), setWindowRect: true, strictFileInteractability: false, timeouts: {implicit: 0, pageLoad: 300000, script: 30000}, unhandledPromptBehavior: dismiss and notify, webauthn:virtualAuthenticators: true}
Session ID: 4a63204fc59daf55fe90fedeca71330d
at org.openqa.selenium.remote.http.W3CHttpResponseCodec.createException(W3CHttpResponseCodec.java:187)
at org.openqa.selenium.remote.http.W3CHttpResponseCodec.decode(W3CHttpResponseCodec.java:122)
at org.openqa.selenium.remote.http.W3CHttpResponseCodec.decode(W3CHttpResponseCodec.java:49)
at org.openqa.selenium.remote.HttpCommandExecutor.execute(HttpCommandExecutor.java:158)
at org.openqa.selenium.remote.service.DriverCommandExecutor.execute(DriverCommandExecutor.java:83)
at org.openqa.selenium.remote.RemoteWebDriver.execute(RemoteWebDriver.java:548)
at org.openqa.selenium.remote.RemoteWebDriver.get(RemoteWebDriver.java:276)
at commonUtilities.CommonFunctions.launchBrowser(CommonFunctions.java:133)
... Removed 24 stack frames]]>
    </failure>
  </testcase> <!-- @BeforeSuite launchBrowser -->
  <testcase name="@AfterMethod afterMethod" time="0.0" classname="commonUtilities.CommonFunctions">
    <skipped/>
  </testcase> <!-- @AfterMethod afterMethod -->
  <testcase name="@AfterClass cleanUp" time="0.0" classname="testCases.StaysSearch">
    <skipped/>
  </testcase> <!-- @AfterClass cleanUp -->
  <testcase name="@AfterMethod afterMethod" time="0.0" classname="commonUtilities.CommonFunctions">
    <skipped/>
  </testcase> <!-- @AfterMethod afterMethod -->
  <testcase name="@AfterClass cleanUp" time="0.0" classname="testCases.FlightsSearch">
    <skipped/>
  </testcase> <!-- @AfterClass cleanUp -->
  <testcase name="@AfterMethod afterMethod" time="0.0" classname="commonUtilities.CommonFunctions">
    <skipped/>
  </testcase> <!-- @AfterMethod afterMethod -->
  <testcase name="@AfterClass cleanUp" time="0.0" classname="testCases.Packages">
    <skipped/>
  </testcase> <!-- @AfterClass cleanUp -->
  <testcase name="@AfterClass cleanUp" time="0.0" classname="testCases.PackagesSearch">
    <skipped/>
  </testcase> <!-- @AfterClass cleanUp -->
  <testcase name="@AfterMethod afterMethod" time="0.0" classname="commonUtilities.CommonFunctions">
    <skipped/>
  </testcase> <!-- @AfterMethod afterMethod -->
  <testcase name="@AfterClass cleanUp" time="0.0" classname="testCases.LoginInValid">
    <skipped/>
  </testcase> <!-- @AfterClass cleanUp -->
  <testcase name="staysSearch" time="0.0" classname="testCases.StaysSearch">
    <skipped/>
  </testcase> <!-- staysSearch -->
  <testcase name="flightsSearch" time="0.0" classname="testCases.FlightsSearch">
    <skipped/>
  </testcase> <!-- flightsSearch -->
  <testcase name="packagesSearch" time="0.0" classname="testCases.Packages">
    <skipped/>
  </testcase> <!-- packagesSearch -->
  <testcase name="packagesSerachValid" time="0.0" classname="testCases.PackagesSearch">
    <failure type="org.testng.TestNGException" message="
Data Provider public java.lang.Object[][] testCases.PackagesSearch.getData() returned a null value">
      <![CDATA[org.testng.TestNGException: 
Data Provider public java.lang.Object[][] testCases.PackagesSearch.getData() returned a null value
... Removed 22 stack frames]]>
    </failure>
  </testcase> <!-- packagesSerachValid -->
  <testcase name="loginValid" time="0.0" classname="testCases.LoginInValid">
    <skipped/>
  </testcase> <!-- loginValid -->
  <testcase name="@BeforeSuite launchBrowser" time="0.0" classname="commonUtilities.CommonFunctions">
    <ignored/>
  </testcase> <!-- @BeforeSuite launchBrowser -->
  <testcase name="@BeforeSuite launchBrowser" time="0.0" classname="commonUtilities.CommonFunctions">
    <ignored/>
  </testcase> <!-- @BeforeSuite launchBrowser -->
  <testcase name="@BeforeSuite launchBrowser" time="0.0" classname="commonUtilities.CommonFunctions">
    <ignored/>
  </testcase> <!-- @BeforeSuite launchBrowser -->
  <testcase name="@BeforeSuite launchBrowser" time="0.0" classname="commonUtilities.CommonFunctions">
    <ignored/>
  </testcase> <!-- @BeforeSuite launchBrowser -->
  <testcase name="@AfterSuite tearDown" time="0.0" classname="commonUtilities.CommonFunctions">
    <ignored/>
  </testcase> <!-- @AfterSuite tearDown -->
  <testcase name="@AfterSuite tearDown" time="0.0" classname="commonUtilities.CommonFunctions">
    <ignored/>
  </testcase> <!-- @AfterSuite tearDown -->
  <testcase name="@AfterSuite tearDown" time="0.0" classname="commonUtilities.CommonFunctions">
    <ignored/>
  </testcase> <!-- @AfterSuite tearDown -->
  <testcase name="@AfterSuite tearDown" time="0.0" classname="commonUtilities.CommonFunctions">
    <ignored/>
  </testcase> <!-- @AfterSuite tearDown -->
</testsuite> <!-- Regression Tests -->
